生成启动时间为 2014/9/13 10:50:45。
     1>项目“D:\learning\密码学课设\spn\spn\spn.vcxproj”在节点 2 上(build 个目标)。
     1>InitializeBuildStatus:
         正在创建“Debug\spn.unsuccessfulbuild”，因为已指定“AlwaysCreate”。
       ClCompile:
         C:\Program Files (x86)\Microsoft Visual Studio 10.0\VC\bin\CL.exe /c /ZI /nologo /W3 /WX- /Od /Oy- /D WIN32 /D _DEBUG /D _CONSOLE /D _UNICODE /D UNICODE /Gm /EHsc /RTC1 /MDd /GS /fp:precise /Zc:wchar_t /Zc:forScope /Fo"Debug\\" /Fd"Debug\vc100.pdb" /Gd /TC /analyze- /errorReport:prompt spn16.c
         spn16.c
     1>d:\learning\密码学课设\spn\spn\spn16.c(45): warning C4996: 'scanf': This function or variable may be unsafe. Consider using scanf_s instead. To disable deprecation, use _CRT_SECURE_NO_WARNINGS. See online help for details.
                 c:\program files (x86)\microsoft visual studio 10.0\vc\include\stdio.h(304) : 参见“scanf”的声明
     1>d:\learning\密码学课设\spn\spn\spn16.c(49): warning C4996: 'scanf': This function or variable may be unsafe. Consider using scanf_s instead. To disable deprecation, use _CRT_SECURE_NO_WARNINGS. See online help for details.
                 c:\program files (x86)\microsoft visual studio 10.0\vc\include\stdio.h(304) : 参见“scanf”的声明
     1>d:\learning\密码学课设\spn\spn\spn16.c(53): warning C4996: 'scanf': This function or variable may be unsafe. Consider using scanf_s instead. To disable deprecation, use _CRT_SECURE_NO_WARNINGS. See online help for details.
                 c:\program files (x86)\microsoft visual studio 10.0\vc\include\stdio.h(304) : 参见“scanf”的声明
     1>d:\learning\密码学课设\spn\spn\spn16.c(56): warning C4554: “>>”: 检查运算符优先级可能存在的错误；使用圆括号阐明优先级
     1>d:\learning\密码学课设\spn\spn\spn16.c(74): warning C4018: “<”: 有符号/无符号不匹配
     1>d:\learning\密码学课设\spn\spn\spn16.c(82): warning C4018: “<”: 有符号/无符号不匹配
     1>d:\learning\密码学课设\spn\spn\spn16.c(90): warning C4018: “<”: 有符号/无符号不匹配
     1>d:\learning\密码学课设\spn\spn\spn16.c(92): warning C4018: “<”: 有符号/无符号不匹配
     1>d:\learning\密码学课设\spn\spn\spn16.c(101): warning C4018: “<”: 有符号/无符号不匹配
     1>d:\learning\密码学课设\spn\spn\spn16.c(105): warning C4018: “<”: 有符号/无符号不匹配
     1>d:\learning\密码学课设\spn\spn\spn16.c(329): warning C4101: “z”: 未引用的局部变量
       ManifestResourceCompile:
         所有输出均为最新。
       Link:
         C:\Program Files (x86)\Microsoft Visual Studio 10.0\VC\bin\link.exe /ERRORREPORT:PROMPT /OUT:"D:\learning\密码学课设\spn\Debug\spn.exe" /INCREMENTAL /NOLOGO kernel32.lib user32.lib gdi32.lib winspool.lib comdlg32.lib advapi32.lib shell32.lib ole32.lib oleaut32.lib uuid.lib odbc32.lib odbccp32.lib /MANIFEST /ManifestFile:"Debug\spn.exe.intermediate.manifest" /MANIFESTUAC:"level='asInvoker' uiAccess='false'" /DEBUG /PDB:"D:\learning\密码学课设\spn\Debug\spn.pdb" /SUBSYSTEM:CONSOLE /TLBID:1 /DYNAMICBASE /NXCOMPAT /IMPLIB:"D:\learning\密码学课设\spn\Debug\spn.lib" /MACHINE:X86 Debug\spn.exe.embed.manifest.res
         Debug\spn16.obj
       Manifest:
         c:\Program Files (x86)\Microsoft SDKs\Windows\v7.0A\bin\mt.exe /nologo /verbose /out:"Debug\spn.exe.embed.manifest" /manifest Debug\spn.exe.intermediate.manifest
         所有输出均为最新。
       LinkEmbedManifest:
         所有输出均为最新。
         spn.vcxproj -> D:\learning\密码学课设\spn\Debug\spn.exe
       FinalizeBuildStatus:
         正在删除文件“Debug\spn.unsuccessfulbuild”。
         正在对“Debug\spn.lastbuildstate”执行 Touch 任务。
     1>已完成生成项目“D:\learning\密码学课设\spn\spn\spn.vcxproj”(build 个目标)的操作。

生成成功。

已用时间 00:00:00.75
